<?xml version="1.0" encoding="UTF-8"?>
<coverage generated="1636080245411" clover="3.2.0">
  <project timestamp="1636080245411" name="All files">
    <metrics statements="12" coveredstatements="11" conditionals="0" coveredconditionals="0" methods="7" coveredmethods="6" elements="19" coveredelements="17" complexity="0" loc="12" ncloc="12" packages="2" files="4" classes="4"/>
    <package name="Atelier">
      <metrics statements="2" coveredstatements="2" conditionals="0" coveredconditionals="0" methods="1" coveredmethods="1"/>
      <file name="jestTest.js" path="/Users/marymiyamoto/Desktop/RPP31/Week 16-FEC/Atelier/jestTest.js">
        <metrics statements="2" coveredstatements="2" conditionals="0" coveredconditionals="0" methods="1" coveredmethods="1"/>
        <line num="2" count="1" type="stmt"/>
        <line num="5" count="1" type="stmt"/>
      </file>
    </package>
    <package name="Atelier.client.src.components.Related">
      <metrics statements="10" coveredstatements="9" conditionals="0" coveredconditionals="0" methods="6" coveredmethods="5"/>
      <file name="Outfits.jsx" path="/Users/marymiyamoto/Desktop/RPP31/Week 16-FEC/Atelier/client/src/components/Related/Outfits.jsx">
        <metrics statements="2" coveredstatements="2" conditionals="0" coveredconditionals="0" methods="1" coveredmethods="1"/>
        <line num="3" count="2" type="stmt"/>
        <line num="4" count="1" type="stmt"/>
      </file>
      <file name="RelatedProducts.jsx" path="/Users/marymiyamoto/Desktop/RPP31/Week 16-FEC/Atelier/client/src/components/Related/RelatedProducts.jsx">
        <metrics statements="3" coveredstatements="3" conditionals="0" coveredconditionals="0" methods="1" coveredmethods="1"/>
        <line num="3" count="2" type="stmt"/>
        <line num="4" count="1" type="stmt"/>
        <line num="6" count="1" type="stmt"/>
      </file>
      <file name="main.jsx" path="/Users/marymiyamoto/Desktop/RPP31/Week 16-FEC/Atelier/client/src/components/Related/main.jsx">
        <metrics statements="5" coveredstatements="4" conditionals="0" coveredconditionals="0" methods="4" coveredmethods="3"/>
        <line num="8" count="1" type="stmt"/>
        <line num="9" count="1" type="stmt"/>
        <line num="13" count="1" type="stmt"/>
        <line num="18" count="0" type="stmt"/>
        <line num="22" count="1" type="stmt"/>
      </file>
    </package>
  </project>
</coverage>
