{"/home/michael/HR-RPP31/Atelier/client/src/helperFunctions.js": {"path":"/home/michael/HR-RPP31/Atelier/client/src/helperFunctions.js","statementMap":{"0":{"start":{"line":1,"column":24},"end":{"line":403,"column":1}},"1":{"start":{"line":23,"column":4},"end":{"line":31,"column":7}},"2":{"start":{"line":27,"column":6},"end":{"line":27,"column":29}},"3":{"start":{"line":30,"column":6},"end":{"line":30,"column":71}},"4":{"start":{"line":40,"column":4},"end":{"line":48,"column":7}},"5":{"start":{"line":44,"column":6},"end":{"line":44,"column":29}},"6":{"start":{"line":47,"column":6},"end":{"line":47,"column":80}},"7":{"start":{"line":55,"column":4},"end":{"line":72,"column":7}},"8":{"start":{"line":59,"column":6},"end":{"line":59,"column":29}},"9":{"start":{"line":62,"column":6},"end":{"line":68,"column":7}},"10":{"start":{"line":63,"column":8},"end":{"line":63,"column":87}},"11":{"start":{"line":64,"column":13},"end":{"line":68,"column":7}},"12":{"start":{"line":65,"column":8},"end":{"line":65,"column":138}},"13":{"start":{"line":67,"column":8},"end":{"line":67,"column":30}},"14":{"start":{"line":71,"column":6},"end":{"line":71,"column":70}},"15":{"start":{"line":79,"column":4},"end":{"line":87,"column":7}},"16":{"start":{"line":83,"column":6},"end":{"line":83,"column":29}},"17":{"start":{"line":86,"column":6},"end":{"line":86,"column":83}},"18":{"start":{"line":98,"column":4},"end":{"line":101,"column":7}},"19":{"start":{"line":100,"column":6},"end":{"line":100,"column":70}},"20":{"start":{"line":100,"column":44},"end":{"line":100,"column":67}},"21":{"start":{"line":112,"column":4},"end":{"line":114,"column":5}},"22":{"start":{"line":113,"column":6},"end":{"line":113,"column":89}},"23":{"start":{"line":115,"column":4},"end":{"line":132,"column":7}},"24":{"start":{"line":119,"column":6},"end":{"line":119,"column":29}},"25":{"start":{"line":122,"column":6},"end":{"line":128,"column":7}},"26":{"start":{"line":123,"column":8},"end":{"line":123,"column":87}},"27":{"start":{"line":124,"column":13},"end":{"line":128,"column":7}},"28":{"start":{"line":125,"column":8},"end":{"line":125,"column":135}},"29":{"start":{"line":127,"column":8},"end":{"line":127,"column":30}},"30":{"start":{"line":131,"column":6},"end":{"line":131,"column":71}},"31":{"start":{"line":140,"column":4},"end":{"line":148,"column":7}},"32":{"start":{"line":144,"column":6},"end":{"line":144,"column":29}},"33":{"start":{"line":147,"column":6},"end":{"line":147,"column":80}},"34":{"start":{"line":166,"column":4},"end":{"line":168,"column":5}},"35":{"start":{"line":167,"column":6},"end":{"line":167,"column":67}},"36":{"start":{"line":169,"column":4},"end":{"line":181,"column":7}},"37":{"start":{"line":177,"column":6},"end":{"line":177,"column":33}},"38":{"start":{"line":180,"column":6},"end":{"line":180,"column":69}},"39":{"start":{"line":188,"column":4},"end":{"line":193,"column":7}},"40":{"start":{"line":192,"column":6},"end":{"line":192,"column":62}},"41":{"start":{"line":200,"column":4},"end":{"line":205,"column":7}},"42":{"start":{"line":204,"column":6},"end":{"line":204,"column":53}},"43":{"start":{"line":217,"column":4},"end":{"line":234,"column":7}},"44":{"start":{"line":221,"column":6},"end":{"line":221,"column":29}},"45":{"start":{"line":224,"column":6},"end":{"line":230,"column":7}},"46":{"start":{"line":225,"column":8},"end":{"line":225,"column":87}},"47":{"start":{"line":226,"column":13},"end":{"line":230,"column":7}},"48":{"start":{"line":227,"column":8},"end":{"line":227,"column":141}},"49":{"start":{"line":229,"column":8},"end":{"line":229,"column":30}},"50":{"start":{"line":233,"column":6},"end":{"line":233,"column":73}},"51":{"start":{"line":242,"column":4},"end":{"line":259,"column":7}},"52":{"start":{"line":246,"column":6},"end":{"line":246,"column":29}},"53":{"start":{"line":249,"column":6},"end":{"line":255,"column":7}},"54":{"start":{"line":250,"column":8},"end":{"line":250,"column":87}},"55":{"start":{"line":251,"column":13},"end":{"line":255,"column":7}},"56":{"start":{"line":252,"column":8},"end":{"line":252,"column":139}},"57":{"start":{"line":254,"column":8},"end":{"line":254,"column":30}},"58":{"start":{"line":258,"column":6},"end":{"line":258,"column":71}},"59":{"start":{"line":270,"column":4},"end":{"line":272,"column":5}},"60":{"start":{"line":271,"column":6},"end":{"line":271,"column":69}},"61":{"start":{"line":273,"column":4},"end":{"line":285,"column":7}},"62":{"start":{"line":281,"column":6},"end":{"line":281,"column":33}},"63":{"start":{"line":284,"column":6},"end":{"line":284,"column":71}},"64":{"start":{"line":297,"column":4},"end":{"line":299,"column":5}},"65":{"start":{"line":298,"column":6},"end":{"line":298,"column":69}},"66":{"start":{"line":300,"column":4},"end":{"line":312,"column":7}},"67":{"start":{"line":308,"column":6},"end":{"line":308,"column":33}},"68":{"start":{"line":311,"column":6},"end":{"line":311,"column":69}},"69":{"start":{"line":319,"column":4},"end":{"line":324,"column":7}},"70":{"start":{"line":323,"column":6},"end":{"line":323,"column":64}},"71":{"start":{"line":331,"column":4},"end":{"line":336,"column":7}},"72":{"start":{"line":335,"column":6},"end":{"line":335,"column":55}},"73":{"start":{"line":343,"column":4},"end":{"line":348,"column":7}},"74":{"start":{"line":347,"column":6},"end":{"line":347,"column":62}},"75":{"start":{"line":355,"column":4},"end":{"line":360,"column":7}},"76":{"start":{"line":359,"column":6},"end":{"line":359,"column":53}},"77":{"start":{"line":372,"column":4},"end":{"line":380,"column":7}},"78":{"start":{"line":376,"column":6},"end":{"line":376,"column":29}},"79":{"start":{"line":379,"column":6},"end":{"line":379,"column":68}},"80":{"start":{"line":386,"column":4},"end":{"line":398,"column":7}},"81":{"start":{"line":394,"column":6},"end":{"line":394,"column":33}},"82":{"start":{"line":397,"column":6},"end":{"line":397,"column":72}}},"fnMap":{"0":{"name":"(anonymous_0)","decl":{"start":{"line":20,"column":2},"end":{"line":20,"column":3}},"loc":{"start":{"line":20,"column":29},"end":{"line":33,"column":3}},"line":20},"1":{"name":"(anonymous_1)","decl":{"start":{"line":26,"column":10},"end":{"line":26,"column":11}},"loc":{"start":{"line":26,"column":24},"end":{"line":28,"column":5}},"line":26},"2":{"name":"(anonymous_2)","decl":{"start":{"line":29,"column":11},"end":{"line":29,"column":12}},"loc":{"start":{"line":29,"column":20},"end":{"line":31,"column":5}},"line":29},"3":{"name":"(anonymous_3)","decl":{"start":{"line":35,"column":2},"end":{"line":35,"column":3}},"loc":{"start":{"line":35,"column":53},"end":{"line":50,"column":3}},"line":35},"4":{"name":"(anonymous_4)","decl":{"start":{"line":43,"column":10},"end":{"line":43,"column":11}},"loc":{"start":{"line":43,"column":24},"end":{"line":45,"column":5}},"line":43},"5":{"name":"(anonymous_5)","decl":{"start":{"line":46,"column":11},"end":{"line":46,"column":12}},"loc":{"start":{"line":46,"column":20},"end":{"line":48,"column":5}},"line":46},"6":{"name":"(anonymous_6)","decl":{"start":{"line":52,"column":2},"end":{"line":52,"column":3}},"loc":{"start":{"line":52,"column":35},"end":{"line":74,"column":3}},"line":52},"7":{"name":"(anonymous_7)","decl":{"start":{"line":58,"column":10},"end":{"line":58,"column":11}},"loc":{"start":{"line":58,"column":24},"end":{"line":60,"column":5}},"line":58},"8":{"name":"(anonymous_8)","decl":{"start":{"line":61,"column":10},"end":{"line":61,"column":11}},"loc":{"start":{"line":61,"column":22},"end":{"line":69,"column":5}},"line":61},"9":{"name":"(anonymous_9)","decl":{"start":{"line":70,"column":11},"end":{"line":70,"column":12}},"loc":{"start":{"line":70,"column":20},"end":{"line":72,"column":5}},"line":70},"10":{"name":"(anonymous_10)","decl":{"start":{"line":76,"column":2},"end":{"line":76,"column":3}},"loc":{"start":{"line":76,"column":39},"end":{"line":88,"column":3}},"line":76},"11":{"name":"(anonymous_11)","decl":{"start":{"line":82,"column":10},"end":{"line":82,"column":11}},"loc":{"start":{"line":82,"column":24},"end":{"line":84,"column":5}},"line":82},"12":{"name":"(anonymous_12)","decl":{"start":{"line":85,"column":11},"end":{"line":85,"column":12}},"loc":{"start":{"line":85,"column":20},"end":{"line":87,"column":5}},"line":85},"13":{"name":"(anonymous_13)","decl":{"start":{"line":90,"column":2},"end":{"line":90,"column":3}},"loc":{"start":{"line":90,"column":37},"end":{"line":103,"column":3}},"line":90},"14":{"name":"(anonymous_14)","decl":{"start":{"line":99,"column":10},"end":{"line":99,"column":11}},"loc":{"start":{"line":99,"column":24},"end":{"line":101,"column":5}},"line":99},"15":{"name":"(anonymous_15)","decl":{"start":{"line":100,"column":38},"end":{"line":100,"column":39}},"loc":{"start":{"line":100,"column":44},"end":{"line":100,"column":67}},"line":100},"16":{"name":"(anonymous_16)","decl":{"start":{"line":109,"column":2},"end":{"line":109,"column":3}},"loc":{"start":{"line":109,"column":67},"end":{"line":134,"column":3}},"line":109},"17":{"name":"(anonymous_17)","decl":{"start":{"line":118,"column":10},"end":{"line":118,"column":11}},"loc":{"start":{"line":118,"column":24},"end":{"line":120,"column":5}},"line":118},"18":{"name":"(anonymous_18)","decl":{"start":{"line":121,"column":10},"end":{"line":121,"column":11}},"loc":{"start":{"line":121,"column":22},"end":{"line":129,"column":5}},"line":121},"19":{"name":"(anonymous_19)","decl":{"start":{"line":130,"column":11},"end":{"line":130,"column":12}},"loc":{"start":{"line":130,"column":20},"end":{"line":132,"column":5}},"line":130},"20":{"name":"(anonymous_20)","decl":{"start":{"line":136,"column":2},"end":{"line":136,"column":3}},"loc":{"start":{"line":136,"column":33},"end":{"line":150,"column":3}},"line":136},"21":{"name":"(anonymous_21)","decl":{"start":{"line":143,"column":10},"end":{"line":143,"column":11}},"loc":{"start":{"line":143,"column":24},"end":{"line":145,"column":5}},"line":143},"22":{"name":"(anonymous_22)","decl":{"start":{"line":146,"column":11},"end":{"line":146,"column":12}},"loc":{"start":{"line":146,"column":20},"end":{"line":148,"column":5}},"line":146},"23":{"name":"(anonymous_23)","decl":{"start":{"line":154,"column":2},"end":{"line":154,"column":3}},"loc":{"start":{"line":154,"column":21},"end":{"line":183,"column":3}},"line":154},"24":{"name":"(anonymous_24)","decl":{"start":{"line":176,"column":10},"end":{"line":176,"column":11}},"loc":{"start":{"line":176,"column":24},"end":{"line":178,"column":5}},"line":176},"25":{"name":"(anonymous_25)","decl":{"start":{"line":179,"column":11},"end":{"line":179,"column":12}},"loc":{"start":{"line":179,"column":20},"end":{"line":181,"column":5}},"line":179},"26":{"name":"(anonymous_26)","decl":{"start":{"line":185,"column":2},"end":{"line":185,"column":3}},"loc":{"start":{"line":185,"column":35},"end":{"line":195,"column":3}},"line":185},"27":{"name":"(anonymous_27)","decl":{"start":{"line":191,"column":11},"end":{"line":191,"column":12}},"loc":{"start":{"line":191,"column":20},"end":{"line":193,"column":5}},"line":191},"28":{"name":"(anonymous_28)","decl":{"start":{"line":197,"column":2},"end":{"line":197,"column":3}},"loc":{"start":{"line":197,"column":30},"end":{"line":207,"column":3}},"line":197},"29":{"name":"(anonymous_29)","decl":{"start":{"line":203,"column":11},"end":{"line":203,"column":12}},"loc":{"start":{"line":203,"column":20},"end":{"line":205,"column":5}},"line":203},"30":{"name":"(anonymous_30)","decl":{"start":{"line":213,"column":2},"end":{"line":213,"column":3}},"loc":{"start":{"line":213,"column":52},"end":{"line":236,"column":3}},"line":213},"31":{"name":"(anonymous_31)","decl":{"start":{"line":220,"column":10},"end":{"line":220,"column":11}},"loc":{"start":{"line":220,"column":24},"end":{"line":222,"column":5}},"line":220},"32":{"name":"(anonymous_32)","decl":{"start":{"line":223,"column":10},"end":{"line":223,"column":11}},"loc":{"start":{"line":223,"column":22},"end":{"line":231,"column":5}},"line":223},"33":{"name":"(anonymous_33)","decl":{"start":{"line":232,"column":11},"end":{"line":232,"column":12}},"loc":{"start":{"line":232,"column":20},"end":{"line":234,"column":5}},"line":232},"34":{"name":"(anonymous_34)","decl":{"start":{"line":238,"column":2},"end":{"line":238,"column":3}},"loc":{"start":{"line":238,"column":59},"end":{"line":261,"column":3}},"line":238},"35":{"name":"(anonymous_35)","decl":{"start":{"line":245,"column":10},"end":{"line":245,"column":11}},"loc":{"start":{"line":245,"column":24},"end":{"line":247,"column":5}},"line":245},"36":{"name":"(anonymous_36)","decl":{"start":{"line":248,"column":10},"end":{"line":248,"column":11}},"loc":{"start":{"line":248,"column":22},"end":{"line":256,"column":5}},"line":248},"37":{"name":"(anonymous_37)","decl":{"start":{"line":257,"column":11},"end":{"line":257,"column":12}},"loc":{"start":{"line":257,"column":20},"end":{"line":259,"column":5}},"line":257},"38":{"name":"(anonymous_38)","decl":{"start":{"line":263,"column":2},"end":{"line":263,"column":3}},"loc":{"start":{"line":263,"column":25},"end":{"line":287,"column":3}},"line":263},"39":{"name":"(anonymous_39)","decl":{"start":{"line":280,"column":10},"end":{"line":280,"column":11}},"loc":{"start":{"line":280,"column":24},"end":{"line":282,"column":5}},"line":280},"40":{"name":"(anonymous_40)","decl":{"start":{"line":283,"column":11},"end":{"line":283,"column":12}},"loc":{"start":{"line":283,"column":20},"end":{"line":285,"column":5}},"line":283},"41":{"name":"(anonymous_41)","decl":{"start":{"line":289,"column":2},"end":{"line":289,"column":3}},"loc":{"start":{"line":289,"column":21},"end":{"line":314,"column":3}},"line":289},"42":{"name":"(anonymous_42)","decl":{"start":{"line":307,"column":10},"end":{"line":307,"column":11}},"loc":{"start":{"line":307,"column":24},"end":{"line":309,"column":5}},"line":307},"43":{"name":"(anonymous_43)","decl":{"start":{"line":310,"column":11},"end":{"line":310,"column":12}},"loc":{"start":{"line":310,"column":20},"end":{"line":312,"column":5}},"line":310},"44":{"name":"(anonymous_44)","decl":{"start":{"line":316,"column":2},"end":{"line":316,"column":3}},"loc":{"start":{"line":316,"column":39},"end":{"line":326,"column":3}},"line":316},"45":{"name":"(anonymous_45)","decl":{"start":{"line":322,"column":11},"end":{"line":322,"column":12}},"loc":{"start":{"line":322,"column":20},"end":{"line":324,"column":5}},"line":322},"46":{"name":"(anonymous_46)","decl":{"start":{"line":328,"column":2},"end":{"line":328,"column":3}},"loc":{"start":{"line":328,"column":34},"end":{"line":338,"column":3}},"line":328},"47":{"name":"(anonymous_47)","decl":{"start":{"line":334,"column":11},"end":{"line":334,"column":12}},"loc":{"start":{"line":334,"column":20},"end":{"line":336,"column":5}},"line":334},"48":{"name":"(anonymous_48)","decl":{"start":{"line":340,"column":2},"end":{"line":340,"column":3}},"loc":{"start":{"line":340,"column":35},"end":{"line":350,"column":3}},"line":340},"49":{"name":"(anonymous_49)","decl":{"start":{"line":346,"column":11},"end":{"line":346,"column":12}},"loc":{"start":{"line":346,"column":20},"end":{"line":348,"column":5}},"line":346},"50":{"name":"(anonymous_50)","decl":{"start":{"line":352,"column":2},"end":{"line":352,"column":3}},"loc":{"start":{"line":352,"column":30},"end":{"line":362,"column":3}},"line":352},"51":{"name":"(anonymous_51)","decl":{"start":{"line":358,"column":11},"end":{"line":358,"column":12}},"loc":{"start":{"line":358,"column":20},"end":{"line":360,"column":5}},"line":358},"52":{"name":"(anonymous_52)","decl":{"start":{"line":369,"column":2},"end":{"line":369,"column":3}},"loc":{"start":{"line":369,"column":12},"end":{"line":381,"column":3}},"line":369},"53":{"name":"(anonymous_53)","decl":{"start":{"line":375,"column":10},"end":{"line":375,"column":11}},"loc":{"start":{"line":375,"column":24},"end":{"line":377,"column":5}},"line":375},"54":{"name":"(anonymous_54)","decl":{"start":{"line":378,"column":11},"end":{"line":378,"column":12}},"loc":{"start":{"line":378,"column":20},"end":{"line":380,"column":5}},"line":378},"55":{"name":"(anonymous_55)","decl":{"start":{"line":383,"column":2},"end":{"line":383,"column":3}},"loc":{"start":{"line":383,"column":20},"end":{"line":399,"column":3}},"line":383},"56":{"name":"(anonymous_56)","decl":{"start":{"line":393,"column":10},"end":{"line":393,"column":11}},"loc":{"start":{"line":393,"column":24},"end":{"line":395,"column":5}},"line":393},"57":{"name":"(anonymous_57)","decl":{"start":{"line":396,"column":11},"end":{"line":396,"column":12}},"loc":{"start":{"line":396,"column":20},"end":{"line":398,"column":5}},"line":396}},"branchMap":{"0":{"loc":{"start":{"line":35,"column":17},"end":{"line":35,"column":31}},"type":"default-arg","locations":[{"start":{"line":35,"column":30},"end":{"line":35,"column":31}}],"line":35},"1":{"loc":{"start":{"line":35,"column":33},"end":{"line":35,"column":51}},"type":"default-arg","locations":[{"start":{"line":35,"column":50},"end":{"line":35,"column":51}}],"line":35},"2":{"loc":{"start":{"line":62,"column":6},"end":{"line":68,"column":7}},"type":"if","locations":[{"start":{"line":62,"column":6},"end":{"line":68,"column":7}},{"start":{"line":64,"column":13},"end":{"line":68,"column":7}}],"line":62},"3":{"loc":{"start":{"line":64,"column":13},"end":{"line":68,"column":7}},"type":"if","locations":[{"start":{"line":64,"column":13},"end":{"line":68,"column":7}},{"start":{"line":66,"column":13},"end":{"line":68,"column":7}}],"line":64},"4":{"loc":{"start":{"line":109,"column":29},"end":{"line":109,"column":37}},"type":"default-arg","locations":[{"start":{"line":109,"column":36},"end":{"line":109,"column":37}}],"line":109},"5":{"loc":{"start":{"line":109,"column":39},"end":{"line":109,"column":48}},"type":"default-arg","locations":[{"start":{"line":109,"column":47},"end":{"line":109,"column":48}}],"line":109},"6":{"loc":{"start":{"line":109,"column":50},"end":{"line":109,"column":65}},"type":"default-arg","locations":[{"start":{"line":109,"column":57},"end":{"line":109,"column":65}}],"line":109},"7":{"loc":{"start":{"line":112,"column":4},"end":{"line":114,"column":5}},"type":"if","locations":[{"start":{"line":112,"column":4},"end":{"line":114,"column":5}},{"start":{},"end":{}}],"line":112},"8":{"loc":{"start":{"line":112,"column":8},"end":{"line":112,"column":67}},"type":"binary-expr","locations":[{"start":{"line":112,"column":8},"end":{"line":112,"column":24}},{"start":{"line":112,"column":28},"end":{"line":112,"column":45}},{"start":{"line":112,"column":49},"end":{"line":112,"column":67}}],"line":112},"9":{"loc":{"start":{"line":122,"column":6},"end":{"line":128,"column":7}},"type":"if","locations":[{"start":{"line":122,"column":6},"end":{"line":128,"column":7}},{"start":{"line":124,"column":13},"end":{"line":128,"column":7}}],"line":122},"10":{"loc":{"start":{"line":124,"column":13},"end":{"line":128,"column":7}},"type":"if","locations":[{"start":{"line":124,"column":13},"end":{"line":128,"column":7}},{"start":{"line":126,"column":13},"end":{"line":128,"column":7}}],"line":124},"11":{"loc":{"start":{"line":166,"column":4},"end":{"line":168,"column":5}},"type":"if","locations":[{"start":{"line":166,"column":4},"end":{"line":168,"column":5}},{"start":{},"end":{}}],"line":166},"12":{"loc":{"start":{"line":166,"column":8},"end":{"line":166,"column":141}},"type":"binary-expr","locations":[{"start":{"line":166,"column":8},"end":{"line":166,"column":26}},{"start":{"line":166,"column":30},"end":{"line":166,"column":44}},{"start":{"line":166,"column":48},"end":{"line":166,"column":60}},{"start":{"line":166,"column":64},"end":{"line":166,"column":81}},{"start":{"line":166,"column":85},"end":{"line":166,"column":97}},{"start":{"line":166,"column":101},"end":{"line":166,"column":114}},{"start":{"line":166,"column":118},"end":{"line":166,"column":141}}],"line":166},"13":{"loc":{"start":{"line":213,"column":31},"end":{"line":213,"column":39}},"type":"default-arg","locations":[{"start":{"line":213,"column":38},"end":{"line":213,"column":39}}],"line":213},"14":{"loc":{"start":{"line":213,"column":41},"end":{"line":213,"column":50}},"type":"default-arg","locations":[{"start":{"line":213,"column":49},"end":{"line":213,"column":50}}],"line":213},"15":{"loc":{"start":{"line":224,"column":6},"end":{"line":230,"column":7}},"type":"if","locations":[{"start":{"line":224,"column":6},"end":{"line":230,"column":7}},{"start":{"line":226,"column":13},"end":{"line":230,"column":7}}],"line":224},"16":{"loc":{"start":{"line":226,"column":13},"end":{"line":230,"column":7}},"type":"if","locations":[{"start":{"line":226,"column":13},"end":{"line":230,"column":7}},{"start":{"line":228,"column":13},"end":{"line":230,"column":7}}],"line":226},"17":{"loc":{"start":{"line":238,"column":38},"end":{"line":238,"column":46}},"type":"default-arg","locations":[{"start":{"line":238,"column":45},"end":{"line":238,"column":46}}],"line":238},"18":{"loc":{"start":{"line":238,"column":48},"end":{"line":238,"column":57}},"type":"default-arg","locations":[{"start":{"line":238,"column":56},"end":{"line":238,"column":57}}],"line":238},"19":{"loc":{"start":{"line":249,"column":6},"end":{"line":255,"column":7}},"type":"if","locations":[{"start":{"line":249,"column":6},"end":{"line":255,"column":7}},{"start":{"line":251,"column":13},"end":{"line":255,"column":7}}],"line":249},"20":{"loc":{"start":{"line":251,"column":13},"end":{"line":255,"column":7}},"type":"if","locations":[{"start":{"line":251,"column":13},"end":{"line":255,"column":7}},{"start":{"line":253,"column":13},"end":{"line":255,"column":7}}],"line":251},"21":{"loc":{"start":{"line":270,"column":4},"end":{"line":272,"column":5}},"type":"if","locations":[{"start":{"line":270,"column":4},"end":{"line":272,"column":5}},{"start":{},"end":{}}],"line":270},"22":{"loc":{"start":{"line":270,"column":8},"end":{"line":270,"column":82}},"type":"binary-expr","locations":[{"start":{"line":270,"column":8},"end":{"line":270,"column":28}},{"start":{"line":270,"column":32},"end":{"line":270,"column":46}},{"start":{"line":270,"column":50},"end":{"line":270,"column":64}},{"start":{"line":270,"column":68},"end":{"line":270,"column":82}}],"line":270},"23":{"loc":{"start":{"line":297,"column":4},"end":{"line":299,"column":5}},"type":"if","locations":[{"start":{"line":297,"column":4},"end":{"line":299,"column":5}},{"start":{},"end":{}}],"line":297},"24":{"loc":{"start":{"line":297,"column":8},"end":{"line":297,"column":77}},"type":"binary-expr","locations":[{"start":{"line":297,"column":8},"end":{"line":297,"column":27}},{"start":{"line":297,"column":31},"end":{"line":297,"column":43}},{"start":{"line":297,"column":47},"end":{"line":297,"column":59}},{"start":{"line":297,"column":63},"end":{"line":297,"column":77}}],"line":297}},"s":{"0":1,"1":0,"2":0,"3":0,"4":0,"5":0,"6":0,"7":0,"8":0,"9":0,"10":0,"11":0,"12":0,"13":0,"14":0,"15":0,"16":0,"17":0,"18":0,"19":0,"20":0,"21":0,"22":0,"23":0,"24":0,"25":0,"26":0,"27":0,"28":0,"29":0,"30":0,"31":0,"32":0,"33":0,"34":0,"35":0,"36":0,"37":0,"38":0,"39":0,"40":0,"41":0,"42":0,"43":0,"44":0,"45":0,"46":0,"47":0,"48":0,"49":0,"50":0,"51":0,"52":0,"53":0,"54":0,"55":0,"56":0,"57":0,"58":0,"59":0,"60":0,"61":0,"62":0,"63":0,"64":0,"65":0,"66":0,"67":0,"68":0,"69":0,"70":0,"71":0,"72":0,"73":0,"74":0,"75":0,"76":0,"77":0,"78":0,"79":0,"80":0,"81":0,"82":0},"f":{"0":0,"1":0,"2":0,"3":0,"4":0,"5":0,"6":0,"7":0,"8":0,"9":0,"10":0,"11":0,"12":0,"13":0,"14":0,"15":0,"16":0,"17":0,"18":0,"19":0,"20":0,"21":0,"22":0,"23":0,"24":0,"25":0,"26":0,"27":0,"28":0,"29":0,"30":0,"31":0,"32":0,"33":0,"34":0,"35":0,"36":0,"37":0,"38":0,"39":0,"40":0,"41":0,"42":0,"43":0,"44":0,"45":0,"46":0,"47":0,"48":0,"49":0,"50":0,"51":0,"52":0,"53":0,"54":0,"55":0,"56":0,"57":0},"b":{"0":[0],"1":[0],"2":[0,0],"3":[0,0],"4":[0],"5":[0],"6":[0],"7":[0,0],"8":[0,0,0],"9":[0,0],"10":[0,0],"11":[0,0],"12":[0,0,0,0,0,0,0],"13":[0],"14":[0],"15":[0,0],"16":[0,0],"17":[0],"18":[0],"19":[0,0],"20":[0,0],"21":[0,0],"22":[0,0,0,0],"23":[0,0],"24":[0,0,0,0]},"_coverageSchema":"1a1c01bbd47fc00a2c39e90264f33305004495a9","hash":"0eda131f226706dee84ef8c2e492dcfa30a94d9a"}
,"/home/michael/HR-RPP31/Atelier/client/src/components/QandA/QandAElement.jsx": {"path":"/home/michael/HR-RPP31/Atelier/client/src/components/QandA/QandAElement.jsx","statementMap":{"0":{"start":{"line":6,"column":4},"end":{"line":6,"column":17}},"1":{"start":{"line":7,"column":4},"end":{"line":13,"column":6}},"2":{"start":{"line":17,"column":4},"end":{"line":17,"column":19}},"3":{"start":{"line":21,"column":4},"end":{"line":21,"column":37}},"4":{"start":{"line":22,"column":20},"end":{"line":34,"column":6}},"5":{"start":{"line":23,"column":6},"end":{"line":33,"column":8}},"6":{"start":{"line":35,"column":4},"end":{"line":67,"column":5}},"7":{"start":{"line":36,"column":6},"end":{"line":51,"column":8}},"8":{"start":{"line":53,"column":6},"end":{"line":66,"column":8}}},"fnMap":{"0":{"name":"(anonymous_0)","decl":{"start":{"line":5,"column":2},"end":{"line":5,"column":3}},"loc":{"start":{"line":5,"column":21},"end":{"line":14,"column":3}},"line":5},"1":{"name":"(anonymous_1)","decl":{"start":{"line":16,"column":2},"end":{"line":16,"column":3}},"loc":{"start":{"line":16,"column":18},"end":{"line":18,"column":3}},"line":16},"2":{"name":"(anonymous_2)","decl":{"start":{"line":20,"column":2},"end":{"line":20,"column":3}},"loc":{"start":{"line":20,"column":11},"end":{"line":68,"column":3}},"line":20},"3":{"name":"(anonymous_3)","decl":{"start":{"line":22,"column":65},"end":{"line":22,"column":66}},"loc":{"start":{"line":22,"column":79},"end":{"line":34,"column":5}},"line":22}},"branchMap":{"0":{"loc":{"start":{"line":35,"column":4},"end":{"line":67,"column":5}},"type":"if","locations":[{"start":{"line":35,"column":4},"end":{"line":67,"column":5}},{"start":{"line":52,"column":11},"end":{"line":67,"column":5}}],"line":35}},"s":{"0":0,"1":0,"2":0,"3":0,"4":0,"5":0,"6":0,"7":0,"8":0},"f":{"0":0,"1":0,"2":0,"3":0},"b":{"0":[0,0]},"_coverageSchema":"1a1c01bbd47fc00a2c39e90264f33305004495a9","hash":"5af654e6dd36abdf124c718fe62802072f1e1cd4"}
,"/home/michael/HR-RPP31/Atelier/client/src/components/QandA/QandAElementContainer.jsx": {"path":"/home/michael/HR-RPP31/Atelier/client/src/components/QandA/QandAElementContainer.jsx","statementMap":{"0":{"start":{"line":8,"column":4},"end":{"line":8,"column":17}},"1":{"start":{"line":12,"column":21},"end":{"line":14,"column":6}},"2":{"start":{"line":13,"column":6},"end":{"line":13,"column":48}},"3":{"start":{"line":15,"column":4},"end":{"line":17,"column":5}},"4":{"start":{"line":16,"column":6},"end":{"line":16,"column":72}},"5":{"start":{"line":18,"column":4},"end":{"line":18,"column":35}}},"fnMap":{"0":{"name":"(anonymous_0)","decl":{"start":{"line":7,"column":2},"end":{"line":7,"column":3}},"loc":{"start":{"line":7,"column":21},"end":{"line":9,"column":3}},"line":7},"1":{"name":"(anonymous_1)","decl":{"start":{"line":11,"column":2},"end":{"line":11,"column":3}},"loc":{"start":{"line":11,"column":11},"end":{"line":19,"column":3}},"line":11},"2":{"name":"(anonymous_2)","decl":{"start":{"line":12,"column":46},"end":{"line":12,"column":47}},"loc":{"start":{"line":12,"column":60},"end":{"line":14,"column":5}},"line":12}},"branchMap":{"0":{"loc":{"start":{"line":15,"column":4},"end":{"line":17,"column":5}},"type":"if","locations":[{"start":{"line":15,"column":4},"end":{"line":17,"column":5}},{"start":{},"end":{}}],"line":15}},"s":{"0":0,"1":0,"2":0,"3":0,"4":0,"5":0},"f":{"0":0,"1":0,"2":0},"b":{"0":[0,0]},"_coverageSchema":"1a1c01bbd47fc00a2c39e90264f33305004495a9","hash":"1f320508c5b666a62e752bfb1c6735e86fcb099a"}
,"/home/michael/HR-RPP31/Atelier/client/src/components/QandA/QandAModal.jsx": {"path":"/home/michael/HR-RPP31/Atelier/client/src/components/QandA/QandAModal.jsx","statementMap":{"0":{"start":{"line":4,"column":2},"end":{"line":14,"column":4}}},"fnMap":{"0":{"name":"QandAModal","decl":{"start":{"line":3,"column":9},"end":{"line":3,"column":19}},"loc":{"start":{"line":3,"column":27},"end":{"line":15,"column":1}},"line":3}},"branchMap":{"0":{"loc":{"start":{"line":5,"column":7},"end":{"line":13,"column":17}},"type":"cond-expr","locations":[{"start":{"line":6,"column":4},"end":{"line":13,"column":10}},{"start":{"line":13,"column":13},"end":{"line":13,"column":17}}],"line":5}},"s":{"0":0},"f":{"0":0},"b":{"0":[0,0]},"_coverageSchema":"1a1c01bbd47fc00a2c39e90264f33305004495a9","hash":"da29b6a0d1829b27ecd11c729a69f8f4aa3d2eae"}
,"/home/michael/HR-RPP31/Atelier/client/src/components/QandA/main.jsx": {"path":"/home/michael/HR-RPP31/Atelier/client/src/components/QandA/main.jsx","statementMap":{"0":{"start":{"line":8,"column":44},"end":{"line":8,"column":56}},"1":{"start":{"line":9,"column":48},"end":{"line":9,"column":59}},"2":{"start":{"line":10,"column":36},"end":{"line":10,"column":51}},"3":{"start":{"line":12,"column":20},"end":{"line":14,"column":3}},"4":{"start":{"line":13,"column":4},"end":{"line":13,"column":32}},"5":{"start":{"line":13,"column":25},"end":{"line":13,"column":30}},"6":{"start":{"line":16,"column":2},"end":{"line":28,"column":9}},"7":{"start":{"line":17,"column":4},"end":{"line":17,"column":33}},"8":{"start":{"line":18,"column":25},"end":{"line":18,"column":45}},"9":{"start":{"line":19,"column":4},"end":{"line":27,"column":7}},"10":{"start":{"line":21,"column":6},"end":{"line":21,"column":53}},"11":{"start":{"line":22,"column":6},"end":{"line":22,"column":34}},"12":{"start":{"line":23,"column":6},"end":{"line":23,"column":46}},"13":{"start":{"line":26,"column":6},"end":{"line":26,"column":56}},"14":{"start":{"line":30,"column":4},"end":{"line":43,"column":6}}},"fnMap":{"0":{"name":"QandA","decl":{"start":{"line":6,"column":9},"end":{"line":6,"column":14}},"loc":{"start":{"line":6,"column":22},"end":{"line":45,"column":1}},"line":6},"1":{"name":"(anonymous_1)","decl":{"start":{"line":12,"column":20},"end":{"line":12,"column":21}},"loc":{"start":{"line":12,"column":26},"end":{"line":14,"column":3}},"line":12},"2":{"name":"(anonymous_2)","decl":{"start":{"line":13,"column":17},"end":{"line":13,"column":18}},"loc":{"start":{"line":13,"column":25},"end":{"line":13,"column":30}},"line":13},"3":{"name":"(anonymous_3)","decl":{"start":{"line":16,"column":12},"end":{"line":16,"column":13}},"loc":{"start":{"line":16,"column":18},"end":{"line":28,"column":3}},"line":16},"4":{"name":"(anonymous_4)","decl":{"start":{"line":20,"column":10},"end":{"line":20,"column":11}},"loc":{"start":{"line":20,"column":25},"end":{"line":24,"column":5}},"line":20},"5":{"name":"(anonymous_5)","decl":{"start":{"line":25,"column":11},"end":{"line":25,"column":12}},"loc":{"start":{"line":25,"column":20},"end":{"line":27,"column":5}},"line":25}},"branchMap":{},"s":{"0":0,"1":0,"2":0,"3":0,"4":0,"5":0,"6":0,"7":0,"8":0,"9":0,"10":0,"11":0,"12":0,"13":0,"14":0},"f":{"0":0,"1":0,"2":0,"3":0,"4":0,"5":0},"b":{},"_coverageSchema":"1a1c01bbd47fc00a2c39e90264f33305004495a9","hash":"b7360d63eb9168c9fe59c2e17bd0bf388dd3dfee"}
}
