TN:
SF:client/src/helperFunctions.js
FN:20,(anonymous_0)
FN:26,(anonymous_1)
FN:29,(anonymous_2)
FN:35,(anonymous_3)
FN:43,(anonymous_4)
FN:46,(anonymous_5)
FN:52,(anonymous_6)
FN:58,(anonymous_7)
FN:61,(anonymous_8)
FN:70,(anonymous_9)
FN:76,(anonymous_10)
FN:82,(anonymous_11)
FN:85,(anonymous_12)
FN:90,(anonymous_13)
FN:99,(anonymous_14)
FN:100,(anonymous_15)
FN:109,(anonymous_16)
FN:118,(anonymous_17)
FN:121,(anonymous_18)
FN:130,(anonymous_19)
FN:136,(anonymous_20)
FN:143,(anonymous_21)
FN:146,(anonymous_22)
FN:154,(anonymous_23)
FN:176,(anonymous_24)
FN:179,(anonymous_25)
FN:185,(anonymous_26)
FN:191,(anonymous_27)
FN:197,(anonymous_28)
FN:203,(anonymous_29)
FN:213,(anonymous_30)
FN:220,(anonymous_31)
FN:223,(anonymous_32)
FN:232,(anonymous_33)
FN:238,(anonymous_34)
FN:245,(anonymous_35)
FN:248,(anonymous_36)
FN:257,(anonymous_37)
FN:263,(anonymous_38)
FN:280,(anonymous_39)
FN:283,(anonymous_40)
FN:289,(anonymous_41)
FN:307,(anonymous_42)
FN:310,(anonymous_43)
FN:316,(anonymous_44)
FN:322,(anonymous_45)
FN:328,(anonymous_46)
FN:334,(anonymous_47)
FN:340,(anonymous_48)
FN:346,(anonymous_49)
FN:352,(anonymous_50)
FN:358,(anonymous_51)
FN:369,(anonymous_52)
FN:375,(anonymous_53)
FN:378,(anonymous_54)
FN:383,(anonymous_55)
FN:393,(anonymous_56)
FN:396,(anonymous_57)
FNF:58
FNH:0
FNDA:0,(anonymous_0)
FNDA:0,(anonymous_1)
FNDA:0,(anonymous_2)
FNDA:0,(anonymous_3)
FNDA:0,(anonymous_4)
FNDA:0,(anonymous_5)
FNDA:0,(anonymous_6)
FNDA:0,(anonymous_7)
FNDA:0,(anonymous_8)
FNDA:0,(anonymous_9)
FNDA:0,(anonymous_10)
FNDA:0,(anonymous_11)
FNDA:0,(anonymous_12)
FNDA:0,(anonymous_13)
FNDA:0,(anonymous_14)
FNDA:0,(anonymous_15)
FNDA:0,(anonymous_16)
FNDA:0,(anonymous_17)
FNDA:0,(anonymous_18)
FNDA:0,(anonymous_19)
FNDA:0,(anonymous_20)
FNDA:0,(anonymous_21)
FNDA:0,(anonymous_22)
FNDA:0,(anonymous_23)
FNDA:0,(anonymous_24)
FNDA:0,(anonymous_25)
FNDA:0,(anonymous_26)
FNDA:0,(anonymous_27)
FNDA:0,(anonymous_28)
FNDA:0,(anonymous_29)
FNDA:0,(anonymous_30)
FNDA:0,(anonymous_31)
FNDA:0,(anonymous_32)
FNDA:0,(anonymous_33)
FNDA:0,(anonymous_34)
FNDA:0,(anonymous_35)
FNDA:0,(anonymous_36)
FNDA:0,(anonymous_37)
FNDA:0,(anonymous_38)
FNDA:0,(anonymous_39)
FNDA:0,(anonymous_40)
FNDA:0,(anonymous_41)
FNDA:0,(anonymous_42)
FNDA:0,(anonymous_43)
FNDA:0,(anonymous_44)
FNDA:0,(anonymous_45)
FNDA:0,(anonymous_46)
FNDA:0,(anonymous_47)
FNDA:0,(anonymous_48)
FNDA:0,(anonymous_49)
FNDA:0,(anonymous_50)
FNDA:0,(anonymous_51)
FNDA:0,(anonymous_52)
FNDA:0,(anonymous_53)
FNDA:0,(anonymous_54)
FNDA:0,(anonymous_55)
FNDA:0,(anonymous_56)
FNDA:0,(anonymous_57)
DA:1,1
DA:23,0
DA:27,0
DA:30,0
DA:40,0
DA:44,0
DA:47,0
DA:55,0
DA:59,0
DA:62,0
DA:63,0
DA:64,0
DA:65,0
DA:67,0
DA:71,0
DA:79,0
DA:83,0
DA:86,0
DA:98,0
DA:100,0
DA:112,0
DA:113,0
DA:115,0
DA:119,0
DA:122,0
DA:123,0
DA:124,0
DA:125,0
DA:127,0
DA:131,0
DA:140,0
DA:144,0
DA:147,0
DA:166,0
DA:167,0
DA:169,0
DA:177,0
DA:180,0
DA:188,0
DA:192,0
DA:200,0
DA:204,0
DA:217,0
DA:221,0
DA:224,0
DA:225,0
DA:226,0
DA:227,0
DA:229,0
DA:233,0
DA:242,0
DA:246,0
DA:249,0
DA:250,0
DA:251,0
DA:252,0
DA:254,0
DA:258,0
DA:270,0
DA:271,0
DA:273,0
DA:281,0
DA:284,0
DA:297,0
DA:298,0
DA:300,0
DA:308,0
DA:311,0
DA:319,0
DA:323,0
DA:331,0
DA:335,0
DA:343,0
DA:347,0
DA:355,0
DA:359,0
DA:372,0
DA:376,0
DA:379,0
DA:386,0
DA:394,0
DA:397,0
LF:82
LH:1
BRDA:35,0,0,0
BRDA:35,1,0,0
BRDA:62,2,0,0
BRDA:62,2,1,0
BRDA:64,3,0,0
BRDA:64,3,1,0
BRDA:109,4,0,0
BRDA:109,5,0,0
BRDA:109,6,0,0
BRDA:112,7,0,0
BRDA:112,7,1,0
BRDA:112,8,0,0
BRDA:112,8,1,0
BRDA:112,8,2,0
BRDA:122,9,0,0
BRDA:122,9,1,0
BRDA:124,10,0,0
BRDA:124,10,1,0
BRDA:166,11,0,0
BRDA:166,11,1,0
BRDA:166,12,0,0
BRDA:166,12,1,0
BRDA:166,12,2,0
BRDA:166,12,3,0
BRDA:166,12,4,0
BRDA:166,12,5,0
BRDA:166,12,6,0
BRDA:213,13,0,0
BRDA:213,14,0,0
BRDA:224,15,0,0
BRDA:224,15,1,0
BRDA:226,16,0,0
BRDA:226,16,1,0
BRDA:238,17,0,0
BRDA:238,18,0,0
BRDA:249,19,0,0
BRDA:249,19,1,0
BRDA:251,20,0,0
BRDA:251,20,1,0
BRDA:270,21,0,0
BRDA:270,21,1,0
BRDA:270,22,0,0
BRDA:270,22,1,0
BRDA:270,22,2,0
BRDA:270,22,3,0
BRDA:297,23,0,0
BRDA:297,23,1,0
BRDA:297,24,0,0
BRDA:297,24,1,0
BRDA:297,24,2,0
BRDA:297,24,3,0
BRF:51
BRH:0
end_of_record
TN:
SF:client/src/components/QandA/QandAElement.jsx
FN:5,(anonymous_0)
FN:16,(anonymous_1)
FN:20,(anonymous_2)
FN:22,(anonymous_3)
FNF:4
FNH:0
FNDA:0,(anonymous_0)
FNDA:0,(anonymous_1)
FNDA:0,(anonymous_2)
FNDA:0,(anonymous_3)
DA:6,0
DA:7,0
DA:17,0
DA:21,0
DA:22,0
DA:23,0
DA:35,0
DA:36,0
DA:53,0
LF:9
LH:0
BRDA:35,0,0,0
BRDA:35,0,1,0
BRF:2
BRH:0
end_of_record
TN:
SF:client/src/components/QandA/QandAElementContainer.jsx
FN:7,(anonymous_0)
FN:11,(anonymous_1)
FN:12,(anonymous_2)
FNF:3
FNH:0
FNDA:0,(anonymous_0)
FNDA:0,(anonymous_1)
FNDA:0,(anonymous_2)
DA:8,0
DA:12,0
DA:13,0
DA:15,0
DA:16,0
DA:18,0
LF:6
LH:0
BRDA:15,0,0,0
BRDA:15,0,1,0
BRF:2
BRH:0
end_of_record
TN:
SF:client/src/components/QandA/QandAModal.jsx
FN:3,QandAModal
FNF:1
FNH:0
FNDA:0,QandAModal
DA:4,0
LF:1
LH:0
BRDA:5,0,0,0
BRDA:5,0,1,0
BRF:2
BRH:0
end_of_record
TN:
SF:client/src/components/QandA/main.jsx
FN:6,QandA
FN:12,(anonymous_1)
FN:13,(anonymous_2)
FN:16,(anonymous_3)
FN:20,(anonymous_4)
FN:25,(anonymous_5)
FNF:6
FNH:0
FNDA:0,QandA
FNDA:0,(anonymous_1)
FNDA:0,(anonymous_2)
FNDA:0,(anonymous_3)
FNDA:0,(anonymous_4)
FNDA:0,(anonymous_5)
DA:8,0
DA:9,0
DA:10,0
DA:12,0
DA:13,0
DA:16,0
DA:17,0
DA:18,0
DA:19,0
DA:21,0
DA:22,0
DA:23,0
DA:26,0
DA:30,0
LF:14
LH:0
BRF:0
BRH:0
end_of_record
